[2026-04-20 22:33:19] INFO - SiteSentry - SiteSentry started - Log: /home/zeus/SiteSentry_AI/sitesentry/logs/sitesentry_20260420_223319.log
[2026-04-20 22:33:19] INFO - SiteSentry - Initializing hardware...
[2026-04-20 22:33:19] WARNING - sitesentry.hardware.arduino_handler - Failed to connect to Arduino: [Errno 2] could not open port /dev/ttyACM0: [Errno 2] No such file or directory: '/dev/ttyACM0'. Using simulation mode.
[2026-04-20 22:33:19] INFO - MotorController - Motor controller connected via Arduino
[2026-04-20 22:33:19] INFO - IMUSensor - IMU sensor (MPU6050) connected via Arduino
[2026-04-20 22:33:19] INFO - UltrasonicSensor(lower) - Ultrasonic sensor lower connected via Arduino
[2026-04-20 22:33:19] INFO - UltrasonicSensor(upper) - Ultrasonic sensor upper connected via Arduino
[2026-04-20 22:33:19] ERROR - LidarHandler - Failed to initialize LiDAR: rplidar library not available
[2026-04-20 22:33:19] INFO - LidarHandler - LiDAR scanning started (simulated)
[2026-04-20 22:33:19] ERROR - CameraHandler - Failed to initialize camera: picamera2 library not available
[2026-04-20 22:33:19] INFO - SiteSentry - Hardware initialization complete
[2026-04-20 22:33:19] INFO - SiteSentry - Initializing software modules...
[2026-04-20 22:33:19] INFO - SLAMHandler - SLAM initialized: 100x100 cells @ 0.05m resolution
[2026-04-20 22:33:19] INFO - ArucoHandler - Loaded 3 marker positions
[2026-04-20 22:33:19] INFO - ArucoHandler - ArUco handler initialized
[2026-04-20 22:33:19] INFO - PathPlanner - Loaded 23 waypoints
[2026-04-20 22:33:19] INFO - SocketInspector - Loaded 10 blueprint sockets
[2026-04-20 22:33:19] WARNING - SocketInspector - YOLO model not found at /home/zeus/SiteSentry_AI/sitesentry/models/socket_detector.pt
[2026-04-20 22:33:19] INFO - DatabaseHandler - Database initialized: /home/zeus/SiteSentry_AI/sitesentry/data/sitesentry.db
[2026-04-20 22:33:19] INFO - TelegramHandler - Telegram handler initialized
[2026-04-20 22:33:19] INFO - SyncManager - Sync manager started
[2026-04-20 22:33:19] INFO - SiteSentry - Software initialization complete
[2026-04-20 22:33:19] INFO - SiteSentry - DRY RUN MODE - No actual movement or data collection
[2026-04-20 22:33:19] INFO - SiteSentry - Waypoints: 23
[2026-04-20 22:33:19] INFO - SiteSentry - Cleaning up resources...
[2026-04-20 22:33:24] INFO - SyncManager - Sync manager stopped
[2026-04-20 22:33:24] INFO - LidarHandler - LiDAR scanning stopped
[2026-04-20 22:33:24] INFO - MotorController - Motor controller cleaned up
[2026-04-20 22:33:24] INFO - sitesentry.hardware.arduino_handler - Arduino handler stopped
[2026-04-20 22:33:24] INFO - DatabaseHandler - Database closed
[2026-04-20 22:33:24] INFO - SiteSentry - Cleanup complete
[2026-04-20 22:33:24] INFO - SiteSentry - SiteSentry terminated with exit code 0
[2026-04-20 22:33:24] INFO - LidarHandler - LiDAR scanning stopped
[2026-04-20 22:33:24] INFO - MotorController - Motor controller cleaned up
