[2026-04-20 21:58:52] INFO - SiteSentry - SiteSentry started - Log: /home/zeus/SiteSentry_AI/sitesentry/logs/sitesentry_20260420_215852.log
[2026-04-20 21:58:52] INFO - SiteSentry - Initializing hardware...
[2026-04-20 21:58:52] INFO - MotorController - Motor controller in SIMULATE mode
[2026-04-20 21:58:52] INFO - IMUSensor - IMU sensor in SIMULATE mode
[2026-04-20 21:58:52] INFO - UltrasonicSensor(lower) - Ultrasonic sensor lower in SIMULATE mode
[2026-04-20 21:58:52] INFO - UltrasonicSensor(upper) - Ultrasonic sensor upper in SIMULATE mode
[2026-04-20 21:58:52] INFO - LidarHandler - LiDAR in SIMULATE mode
[2026-04-20 21:58:52] INFO - LidarHandler - LiDAR scanning started (simulated)
[2026-04-20 21:58:52] INFO - CameraHandler - Camera in SIMULATE mode
[2026-04-20 21:58:52] INFO - SiteSentry - Hardware initialization complete
[2026-04-20 21:58:52] INFO - SiteSentry - Initializing software modules...
[2026-04-20 21:58:52] INFO - SLAMHandler - SLAM initialized: 100x100 cells @ 0.05m resolution
[2026-04-20 21:58:52] INFO - ArucoHandler - Loaded 3 marker positions
[2026-04-20 21:58:52] INFO - ArucoHandler - ArUco handler in SIMULATE mode
[2026-04-20 21:58:52] INFO - PathPlanner - Loaded 23 waypoints
[2026-04-20 21:58:52] INFO - SocketInspector - Loaded 10 blueprint sockets
[2026-04-20 21:58:52] INFO - SocketInspector - Socket inspector in SIMULATE mode
[2026-04-20 21:58:52] INFO - DatabaseHandler - Database initialized: /home/zeus/SiteSentry_AI/sitesentry/data/sitesentry.db
[2026-04-20 21:58:52] INFO - TelegramHandler - Telegram handler initialized
[2026-04-20 21:58:52] INFO - SyncManager - Sync manager started
[2026-04-20 21:58:52] INFO - SiteSentry - Software initialization complete
[2026-04-20 21:58:52] INFO - SiteSentry - ============================================================
[2026-04-20 21:58:52] INFO - SiteSentry - Starting SiteSentry inspection mission
[2026-04-20 21:58:52] INFO - SiteSentry - ============================================================
[2026-04-20 21:58:52] INFO - DatabaseHandler - Created scan session 3
[2026-04-20 21:58:52] INFO - SiteSentry - Session 3 created
[2026-04-20 21:58:52] INFO - SiteSentry - 
--- Waypoint 1: R1 (scan_wall) ---
[2026-04-20 21:59:03] WARNING - PathPlanner - Navigation failed: max iterations (100) exceeded
[2026-04-20 21:59:03] WARNING - SiteSentry - Failed to navigate to waypoint 0
[2026-04-20 21:59:03] INFO - SiteSentry - 
--- Waypoint 2: R1 (scan_socket) ---
[2026-04-20 21:59:11] WARNING - SiteSentry - Received signal 2, shutting down...
[2026-04-20 21:59:13] WARNING - PathPlanner - Navigation failed: max iterations (100) exceeded
[2026-04-20 21:59:13] WARNING - SiteSentry - Failed to navigate to waypoint 1
[2026-04-20 21:59:13] INFO - SiteSentry - 
============================================================
[2026-04-20 21:59:13] INFO - SiteSentry - Mission execution complete
[2026-04-20 21:59:13] INFO - SiteSentry - ============================================================
[2026-04-20 21:59:13] INFO - SiteSentry - 
Generating reports...
[2026-04-20 21:59:13] INFO - SLAMHandler - Map saved to /home/zeus/SiteSentry_AI/sitesentry/outputs/slam_map_3.npz
[2026-04-20 21:59:13] INFO - MapGenerator - Map saved to /home/zeus/SiteSentry_AI/sitesentry/outputs/map_3.png
[2026-04-20 21:59:14] INFO - PDFReporter - Report saved to /home/zeus/SiteSentry_AI/sitesentry/outputs/report_3.pdf
[2026-04-20 21:59:14] INFO - SiteSentry - Report saved: /home/zeus/SiteSentry_AI/sitesentry/outputs/report_3.pdf
[2026-04-20 21:59:14] INFO - SiteSentry - Cleaning up resources...
[2026-04-20 21:59:16] INFO - httpx - HTTP Request: POST https://api.telegram.org/bot8725258748:AAESMUsA1_OTEcqrOo0E7iii1SQwXQAwu9Y/sendDocument "HTTP/1.1 403 Forbidden"
[2026-04-20 21:59:16] ERROR - TelegramHandler - Failed to send PDF: Forbidden: bots can't send messages to bots
[2026-04-20 21:59:18] INFO - SyncManager - Sync manager stopped
[2026-04-20 21:59:18] INFO - LidarHandler - LiDAR scanning stopped
[2026-04-20 21:59:18] INFO - DatabaseHandler - Database closed
[2026-04-20 21:59:18] INFO - SiteSentry - Cleanup complete
[2026-04-20 21:59:18] INFO - SiteSentry - SiteSentry terminated with exit code 0
[2026-04-20 21:59:18] INFO - LidarHandler - LiDAR scanning stopped
[2026-04-20 21:59:18] INFO - DatabaseHandler - Database closed
