[2026-04-20 21:52:17] INFO - SiteSentry - SiteSentry started - Log: /home/zeus/SiteSentry_AI/sitesentry/logs/sitesentry_20260420_215217.log
[2026-04-20 21:52:17] INFO - SiteSentry - Initializing hardware...
[2026-04-20 21:52:17] INFO - MotorController - Motor controller in SIMULATE mode
[2026-04-20 21:52:17] INFO - IMUSensor - IMU sensor in SIMULATE mode
[2026-04-20 21:52:17] INFO - UltrasonicSensor(lower) - Ultrasonic sensor lower in SIMULATE mode
[2026-04-20 21:52:17] INFO - UltrasonicSensor(upper) - Ultrasonic sensor upper in SIMULATE mode
[2026-04-20 21:52:17] INFO - LidarHandler - LiDAR in SIMULATE mode
[2026-04-20 21:52:17] INFO - LidarHandler - LiDAR scanning started (simulated)
[2026-04-20 21:52:17] INFO - CameraHandler - Camera in SIMULATE mode
[2026-04-20 21:52:17] INFO - SiteSentry - Hardware initialization complete
[2026-04-20 21:52:17] INFO - SiteSentry - Initializing software modules...
[2026-04-20 21:52:17] INFO - SLAMHandler - SLAM initialized: 100x100 cells @ 0.05m resolution
[2026-04-20 21:52:17] INFO - ArucoHandler - Loaded 3 marker positions
[2026-04-20 21:52:17] INFO - ArucoHandler - ArUco handler in SIMULATE mode
[2026-04-20 21:52:17] INFO - PathPlanner - Loaded 23 waypoints
[2026-04-20 21:52:17] INFO - SocketInspector - Loaded 10 blueprint sockets
[2026-04-20 21:52:17] INFO - SocketInspector - Socket inspector in SIMULATE mode
[2026-04-20 21:52:17] INFO - DatabaseHandler - Database initialized: /home/zeus/SiteSentry_AI/sitesentry/data/sitesentry.db
[2026-04-20 21:52:17] INFO - TelegramHandler - Telegram handler initialized
[2026-04-20 21:52:17] INFO - SyncManager - Sync manager started
[2026-04-20 21:52:17] INFO - SiteSentry - Software initialization complete
[2026-04-20 21:52:17] INFO - SiteSentry - DRY RUN MODE - No actual movement or data collection
[2026-04-20 21:52:17] INFO - SiteSentry - Waypoints: 23
[2026-04-20 21:52:17] INFO - SiteSentry - Cleaning up resources...
[2026-04-20 21:52:22] INFO - SyncManager - Sync manager stopped
[2026-04-20 21:52:22] INFO - LidarHandler - LiDAR scanning stopped
[2026-04-20 21:52:22] INFO - DatabaseHandler - Database closed
[2026-04-20 21:52:22] INFO - SiteSentry - Cleanup complete
[2026-04-20 21:52:22] INFO - SiteSentry - SiteSentry terminated with exit code 0
[2026-04-20 21:52:22] INFO - LidarHandler - LiDAR scanning stopped
